Using pre-set license
Built from '2020.3/china_unity/release' branch; Version is '2020.3.8f1c1 (0b92326fa640) revision 758322'; Using compiler version '192528614'; Build Type 'Release'
OS: 'Windows 10 Pro; OS build 18363.418; Version 1909; 64bit' Language: 'zh' Physical Memory: 16208 MB
BatchMode: 1, IsHumanControllingUs: 0, StartBugReporterOnCrash: 0, Is64bit: 1, IsPro: 0

 COMMAND LINE ARGUMENTS:
C:\Program Files\Unity\Hub\Editor\2020.3.8f1c1\Editor\Unity.exe
-adb2
-batchMode
-noUpm
-name
AssetImportWorker0
-projectPath
D:/Learn/Joe/ThrowAxe2Dfinal
-logFile
Logs/AssetImportWorker0.log
-srvPort
50125
Successfully changed project path to: D:/Learn/Joe/ThrowAxe2Dfinal
D:/Learn/Joe/ThrowAxe2Dfinal
Using Asset Import Pipeline V2.
Refreshing native plugins compatible for Editor in 30.80 ms, found 1 plugins.
Preloading 0 native plugins for Editor in 0.00 ms.
Initialize engine version: 2020.3.8f1c1 (0b92326fa640)
[Subsystems] Discovering subsystems at path C:/Program Files/Unity/Hub/Editor/2020.3.8f1c1/Editor/Data/Resources/UnitySubsystems
[Subsystems] Discovering subsystems at path D:/Learn/Joe/ThrowAxe2Dfinal/Assets
GfxDevice: creating device client; threaded=0
Direct3D:
    Version:  Direct3D 11.0 [level 11.1]
    Renderer: NVIDIA GeForce GTX 1650 SUPER (ID=0x2187)
    Vendor:   
    VRAM:     3955 MB
    Driver:   26.21.14.4575
Initialize mono
Mono path[0] = 'C:/Program Files/Unity/Hub/Editor/2020.3.8f1c1/Editor/Data/Managed'
Mono path[1] = 'C:/Program Files/Unity/Hub/Editor/2020.3.8f1c1/Editor/Data/MonoBleedingEdge/lib/mono/unityjit'
Mono config path = 'C:/Program Files/Unity/Hub/Editor/2020.3.8f1c1/Editor/Data/MonoBleedingEdge/etc'
Using monoOptions --debugger-agent=transport=dt_socket,embedding=1,server=y,suspend=n,address=127.0.0.1:56424
Begin MonoManager ReloadAssembly
Registering precompiled unity dll's ...
Register platform support module: C:/Program Files/Unity/Hub/Editor/2020.3.8f1c1/Editor/Data/PlaybackEngines/WindowsStandaloneSupport/UnityEditor.WindowsStandalone.Extensions.dll
Registered in 0.000961 seconds.
Native extension for WindowsStandalone target not found
Refreshing native plugins compatible for Editor in 33.33 ms, found 1 plugins.
Preloading 0 native plugins for Editor in 0.00 ms.
Mono: successfully reloaded assembly
- Completed reload, in  0.795 seconds
Platform modules already initialized, skipping
Registering precompiled user dll's ...
Registered in 0.000545 seconds.
Begin MonoManager ReloadAssembly
Native extension for WindowsStandalone target not found
Refreshing native plugins compatible for Editor in 31.60 ms, found 1 plugins.
Preloading 0 native plugins for Editor in 0.00 ms.
Mono: successfully reloaded assembly
- Completed reload, in  0.850 seconds
Platform modules already initialized, skipping
========================================================================
Worker process is ready to serve import requests
Launched and connected shader compiler UnityShaderCompiler.exe after 0.03 seconds
Refreshing native plugins compatible for Editor in 0.31 ms, found 1 plugins.
Preloading 0 native plugins for Editor in 0.00 ms.
Unloading 1809 Unused Serialized files (Serialized files now loaded: 0)
System memory in use before: 87.3 MB.
System memory in use after: 87.3 MB.

Unloading 19 unused Assets to reduce memory usage. Loaded Objects now: 2256.
Total: 1.673300 ms (FindLiveObjects: 0.166900 ms CreateObjectMapping: 0.055400 ms MarkObjects: 1.403100 ms  DeleteObjects: 0.047200 ms)

========================================================================
Received Import Request.
  path: Assets/Sprites/Environments/Dungeon_Tileset.png
  artifactKey: Guid(106034ca371464f8e9ef54314f630ddb) Importer(815301076,1909f56bfc062723c751e8b465ee728b)
Start importing Assets/Sprites/Environments/Dungeon_Tileset.png using Guid(106034ca371464f8e9ef54314f630ddb) Importer(815301076,1909f56bfc062723c751e8b465ee728b)  -> (artifact id: 'c8e976f0d3a63c4343dac12ed09e23c4') in 0.157920 seconds
  Import took 0.160753 seconds .

========================================================================
Received Import Request.
  Time since last request: 0.000226 seconds.
  path: Assets/Sprites/Environments
  artifactKey: Guid(e4ef83c4946ef45ae9066c859576b6c1) Importer(815301076,1909f56bfc062723c751e8b465ee728b)
Start importing Assets/Sprites/Environments using Guid(e4ef83c4946ef45ae9066c859576b6c1) Importer(815301076,1909f56bfc062723c751e8b465ee728b)  -> (artifact id: '53e3f4ebb8d925f62236bbbfdfaa44e1') in 0.001150 seconds
  Import took 0.003182 seconds .

========================================================================
Received Import Request.
  Time since last request: 0.000181 seconds.
  path: Assets/Sprites/Environments/Torch.png
  artifactKey: Guid(ede5b70e28db84d08b22814493faa4fd) Importer(815301076,1909f56bfc062723c751e8b465ee728b)
Start importing Assets/Sprites/Environments/Torch.png using Guid(ede5b70e28db84d08b22814493faa4fd) Importer(815301076,1909f56bfc062723c751e8b465ee728b)  -> (artifact id: '6897ce82d24f458075f5553e1593915f') in 0.023432 seconds
  Import took 0.025695 seconds .

========================================================================
Received Import Request.
  Time since last request: 47.771773 seconds.
  path: ProjectSettings/TagManager.asset
  artifactKey: Guid(00000000000000003000000000000000) Importer(815301076,1909f56bfc062723c751e8b465ee728b)
Start importing ProjectSettings/TagManager.asset using Guid(00000000000000003000000000000000) Importer(815301076,1909f56bfc062723c751e8b465ee728b)  -> (artifact id: '95df672b4aaba54310d34c83eef51bb8') in 0.006132 seconds
  Import took 0.008837 seconds .

========================================================================
Received Import Request.
  Time since last request: 0.001867 seconds.
  path: ProjectSettings/TagManager.asset
  artifactKey: Guid(00000000000000003000000000000000) Importer(815301076,1909f56bfc062723c751e8b465ee728b)
Start importing ProjectSettings/TagManager.asset using Guid(00000000000000003000000000000000) Importer(815301076,1909f56bfc062723c751e8b465ee728b)  -> (artifact id: '95df672b4aaba54310d34c83eef51bb8') in 0.002063 seconds
  Import took 0.004915 seconds .

========================================================================
Received Import Request.
  Time since last request: 60.968526 seconds.
  path: ProjectSettings/TagManager.asset
  artifactKey: Guid(00000000000000003000000000000000) Importer(815301076,1909f56bfc062723c751e8b465ee728b)
Start importing ProjectSettings/TagManager.asset using Guid(00000000000000003000000000000000) Importer(815301076,1909f56bfc062723c751e8b465ee728b)  -> (artifact id: 'c010992f6819081dba9df293589d1667') in 0.003566 seconds
  Import took 0.006460 seconds .

========================================================================
Received Prepare
Registering precompiled user dll's ...
Registered in 0.000529 seconds.
Begin MonoManager ReloadAssembly
Native extension for WindowsStandalone target not found
Refreshing native plugins compatible for Editor in 0.34 ms, found 1 plugins.
Preloading 0 native plugins for Editor in 0.00 ms.
Invalid AssetDatabase path: /Editor/EditorResources/cm_logo_sm.png. Use path relative to the project folder.
UnityEngine.StackTraceUtility:ExtractStackTrace ()
UnityEditor.AssetDatabase:LoadAssetAtPath<UnityEngine.Texture2D> (string)
Cinemachine.Editor.CinemachineSettings:get_CinemachineLogoTexture () (at Library/PackageCache/com.unity.cinemachine@2.5.0/Editor/Windows/CinemachineSettings.cs:193)
Cinemachine.Editor.CinemachineSettings:.cctor () (at Library/PackageCache/com.unity.cinemachine@2.5.0/Editor/Windows/CinemachineSettings.cs:225)
Cinemachine.CinemachineColliderPrefs:.cctor () (at Library/PackageCache/com.unity.cinemachine@2.5.0/Editor/Windows/CinemachineColliderPrefs.cs:61)
System.Runtime.CompilerServices.RuntimeHelpers:RunClassConstructor (System.RuntimeTypeHandle)
UnityEditor.EditorAssemblies:ProcessInitializeOnLoadAttributes (System.Type[])

[Library/PackageCache/com.unity.cinemachine@2.5.0/Editor/Windows/CinemachineSettings.cs line 193]

Mono: successfully reloaded assembly
- Completed reload, in  0.756 seconds
Platform modules already initialized, skipping
Refreshing native plugins compatible for Editor in 0.31 ms, found 1 plugins.
Preloading 0 native plugins for Editor in 0.00 ms.
Unloading 1936 Unused Serialized files (Serialized files now loaded: 0)
System memory in use before: 94.6 MB.
System memory in use after: 94.7 MB.

Unloading 11 unused Assets to reduce memory usage. Loaded Objects now: 2406.
Total: 1.858100 ms (FindLiveObjects: 0.168600 ms CreateObjectMapping: 0.058300 ms MarkObjects: 1.596500 ms  DeleteObjects: 0.033900 ms)

========================================================================
Received Prepare
Registering precompiled user dll's ...
Registered in 0.000539 seconds.
Begin MonoManager ReloadAssembly
Native extension for WindowsStandalone target not found
Refreshing native plugins compatible for Editor in 0.34 ms, found 1 plugins.
Preloading 0 native plugins for Editor in 0.00 ms.
Mono: successfully reloaded assembly
- Completed reload, in  0.753 seconds
Platform modules already initialized, skipping
Refreshing native plugins compatible for Editor in 0.35 ms, found 1 plugins.
Preloading 0 native plugins for Editor in 0.00 ms.
Unloading 1937 Unused Serialized files (Serialized files now loaded: 0)
System memory in use before: 94.8 MB.
System memory in use after: 94.9 MB.

Unloading 9 unused Assets to reduce memory usage. Loaded Objects now: 2411.
Total: 1.810700 ms (FindLiveObjects: 0.191500 ms CreateObjectMapping: 0.061400 ms MarkObjects: 1.517900 ms  DeleteObjects: 0.039200 ms)

========================================================================
Received Prepare
Registering precompiled user dll's ...
Registered in 0.000737 seconds.
Begin MonoManager ReloadAssembly
Native extension for WindowsStandalone target not found
Refreshing native plugins compatible for Editor in 0.34 ms, found 1 plugins.
Preloading 0 native plugins for Editor in 0.00 ms.
Mono: successfully reloaded assembly
- Completed reload, in  0.763 seconds
Platform modules already initialized, skipping
Refreshing native plugins compatible for Editor in 0.33 ms, found 1 plugins.
Preloading 0 native plugins for Editor in 0.00 ms.
Unloading 1936 Unused Serialized files (Serialized files now loaded: 0)
System memory in use before: 94.8 MB.
System memory in use after: 94.9 MB.

Unloading 9 unused Assets to reduce memory usage. Loaded Objects now: 2415.
Total: 1.713800 ms (FindLiveObjects: 0.175100 ms CreateObjectMapping: 0.065900 ms MarkObjects: 1.440000 ms  DeleteObjects: 0.032100 ms)

========================================================================
Received Prepare
Registering precompiled user dll's ...
Registered in 0.000710 seconds.
Begin MonoManager ReloadAssembly
Native extension for WindowsStandalone target not found
Refreshing native plugins compatible for Editor in 0.34 ms, found 1 plugins.
Preloading 0 native plugins for Editor in 0.00 ms.
Mono: successfully reloaded assembly
- Completed reload, in  0.736 seconds
Platform modules already initialized, skipping
Refreshing native plugins compatible for Editor in 0.32 ms, found 1 plugins.
Preloading 0 native plugins for Editor in 0.00 ms.
Unloading 1936 Unused Serialized files (Serialized files now loaded: 0)
System memory in use before: 94.8 MB.
System memory in use after: 94.9 MB.

Unloading 9 unused Assets to reduce memory usage. Loaded Objects now: 2419.
Total: 1.771900 ms (FindLiveObjects: 0.174500 ms CreateObjectMapping: 0.063900 ms MarkObjects: 1.498600 ms  DeleteObjects: 0.034000 ms)

========================================================================
Received Prepare
Registering precompiled user dll's ...
Registered in 0.000530 seconds.
Begin MonoManager ReloadAssembly
Native extension for WindowsStandalone target not found
Refreshing native plugins compatible for Editor in 0.36 ms, found 1 plugins.
Preloading 0 native plugins for Editor in 0.00 ms.
Mono: successfully reloaded assembly
- Completed reload, in  0.751 seconds
Platform modules already initialized, skipping
Refreshing native plugins compatible for Editor in 0.31 ms, found 1 plugins.
Preloading 0 native plugins for Editor in 0.00 ms.
Unloading 1936 Unused Serialized files (Serialized files now loaded: 0)
System memory in use before: 94.8 MB.
System memory in use after: 94.9 MB.

Unloading 9 unused Assets to reduce memory usage. Loaded Objects now: 2423.
Total: 1.715300 ms (FindLiveObjects: 0.166600 ms CreateObjectMapping: 0.062700 ms MarkObjects: 1.450300 ms  DeleteObjects: 0.035100 ms)

========================================================================
Received Prepare
Registering precompiled user dll's ...
Registered in 0.000492 seconds.
Begin MonoManager ReloadAssembly
Native extension for WindowsStandalone target not found
Refreshing native plugins compatible for Editor in 0.36 ms, found 1 plugins.
Preloading 0 native plugins for Editor in 0.00 ms.
Mono: successfully reloaded assembly
- Completed reload, in  0.747 seconds
Platform modules already initialized, skipping
Refreshing native plugins compatible for Editor in 0.31 ms, found 1 plugins.
Preloading 0 native plugins for Editor in 0.00 ms.
Unloading 1936 Unused Serialized files (Serialized files now loaded: 0)
System memory in use before: 94.8 MB.
System memory in use after: 94.9 MB.

Unloading 9 unused Assets to reduce memory usage. Loaded Objects now: 2427.
Total: 1.666100 ms (FindLiveObjects: 0.164900 ms CreateObjectMapping: 0.060700 ms MarkObjects: 1.408400 ms  DeleteObjects: 0.031300 ms)

========================================================================
Received Prepare
Registering precompiled user dll's ...
Registered in 0.000571 seconds.
Begin MonoManager ReloadAssembly
Native extension for WindowsStandalone target not found
Refreshing native plugins compatible for Editor in 0.35 ms, found 1 plugins.
Preloading 0 native plugins for Editor in 0.00 ms.
Mono: successfully reloaded assembly
- Completed reload, in  0.751 seconds
Platform modules already initialized, skipping
Refreshing native plugins compatible for Editor in 0.33 ms, found 1 plugins.
Preloading 0 native plugins for Editor in 0.00 ms.
Unloading 1936 Unused Serialized files (Serialized files now loaded: 0)
System memory in use before: 94.8 MB.
System memory in use after: 94.9 MB.

Unloading 9 unused Assets to reduce memory usage. Loaded Objects now: 2431.
Total: 1.799300 ms (FindLiveObjects: 0.176800 ms CreateObjectMapping: 0.063700 ms MarkObjects: 1.520900 ms  DeleteObjects: 0.037100 ms)

========================================================================
Received Prepare
Registering precompiled user dll's ...
Registered in 0.000625 seconds.
Begin MonoManager ReloadAssembly
Native extension for WindowsStandalone target not found
Refreshing native plugins compatible for Editor in 0.35 ms, found 1 plugins.
Preloading 0 native plugins for Editor in 0.00 ms.
Mono: successfully reloaded assembly
- Completed reload, in  0.788 seconds
Platform modules already initialized, skipping
Refreshing native plugins compatible for Editor in 0.31 ms, found 1 plugins.
Preloading 0 native plugins for Editor in 0.00 ms.
Unloading 1936 Unused Serialized files (Serialized files now loaded: 0)
System memory in use before: 94.8 MB.
System memory in use after: 94.9 MB.

Unloading 9 unused Assets to reduce memory usage. Loaded Objects now: 2435.
Total: 1.712000 ms (FindLiveObjects: 0.170000 ms CreateObjectMapping: 0.059500 ms MarkObjects: 1.449600 ms  DeleteObjects: 0.032200 ms)

========================================================================
Received Prepare
Registering precompiled user dll's ...
Registered in 0.000778 seconds.
Begin MonoManager ReloadAssembly
Native extension for WindowsStandalone target not found
Refreshing native plugins compatible for Editor in 0.34 ms, found 1 plugins.
Preloading 0 native plugins for Editor in 0.00 ms.
Mono: successfully reloaded assembly
- Completed reload, in  0.741 seconds
Platform modules already initialized, skipping
Refreshing native plugins compatible for Editor in 0.32 ms, found 1 plugins.
Preloading 0 native plugins for Editor in 0.00 ms.
Unloading 1936 Unused Serialized files (Serialized files now loaded: 0)
System memory in use before: 94.8 MB.
System memory in use after: 94.9 MB.

Unloading 9 unused Assets to reduce memory usage. Loaded Objects now: 2439.
Total: 1.693900 ms (FindLiveObjects: 0.180900 ms CreateObjectMapping: 0.065500 ms MarkObjects: 1.412600 ms  DeleteObjects: 0.034200 ms)

========================================================================
Received Prepare
Registering precompiled user dll's ...
Registered in 0.000529 seconds.
Begin MonoManager ReloadAssembly
Native extension for WindowsStandalone target not found
Refreshing native plugins compatible for Editor in 0.34 ms, found 1 plugins.
Preloading 0 native plugins for Editor in 0.00 ms.
Mono: successfully reloaded assembly
- Completed reload, in  0.752 seconds
Platform modules already initialized, skipping
Refreshing native plugins compatible for Editor in 0.34 ms, found 1 plugins.
Preloading 0 native plugins for Editor in 0.00 ms.
Unloading 1936 Unused Serialized files (Serialized files now loaded: 0)
System memory in use before: 94.8 MB.
System memory in use after: 94.9 MB.

Unloading 9 unused Assets to reduce memory usage. Loaded Objects now: 2443.
Total: 1.727200 ms (FindLiveObjects: 0.185000 ms CreateObjectMapping: 0.066700 ms MarkObjects: 1.441500 ms  DeleteObjects: 0.033100 ms)

========================================================================
Received Prepare
Registering precompiled user dll's ...
Registered in 0.000530 seconds.
Begin MonoManager ReloadAssembly
Native extension for WindowsStandalone target not found
Refreshing native plugins compatible for Editor in 0.35 ms, found 1 plugins.
Preloading 0 native plugins for Editor in 0.00 ms.
Mono: successfully reloaded assembly
- Completed reload, in  0.734 seconds
Platform modules already initialized, skipping
Refreshing native plugins compatible for Editor in 0.33 ms, found 1 plugins.
Preloading 0 native plugins for Editor in 0.00 ms.
Unloading 1936 Unused Serialized files (Serialized files now loaded: 0)
System memory in use before: 94.8 MB.
System memory in use after: 94.9 MB.

Unloading 9 unused Assets to reduce memory usage. Loaded Objects now: 2447.
Total: 1.735000 ms (FindLiveObjects: 0.173800 ms CreateObjectMapping: 0.056800 ms MarkObjects: 1.465900 ms  DeleteObjects: 0.037500 ms)

========================================================================
Received Prepare
Registering precompiled user dll's ...
Registered in 0.000508 seconds.
Begin MonoManager ReloadAssembly
Native extension for WindowsStandalone target not found
Refreshing native plugins compatible for Editor in 0.34 ms, found 1 plugins.
Preloading 0 native plugins for Editor in 0.00 ms.
Mono: successfully reloaded assembly
- Completed reload, in  0.747 seconds
Platform modules already initialized, skipping
Refreshing native plugins compatible for Editor in 0.54 ms, found 1 plugins.
Preloading 0 native plugins for Editor in 0.00 ms.
Unloading 1936 Unused Serialized files (Serialized files now loaded: 0)
System memory in use before: 94.9 MB.
System memory in use after: 94.9 MB.

Unloading 9 unused Assets to reduce memory usage. Loaded Objects now: 2451.
Total: 1.692700 ms (FindLiveObjects: 0.180000 ms CreateObjectMapping: 0.068800 ms MarkObjects: 1.408600 ms  DeleteObjects: 0.034500 ms)

========================================================================
Received Prepare
Registering precompiled user dll's ...
Registered in 0.000876 seconds.
Begin MonoManager ReloadAssembly
Native extension for WindowsStandalone target not found
Refreshing native plugins compatible for Editor in 0.36 ms, found 1 plugins.
Preloading 0 native plugins for Editor in 0.00 ms.
Mono: successfully reloaded assembly
- Completed reload, in  0.738 seconds
Platform modules already initialized, skipping
Refreshing native plugins compatible for Editor in 0.35 ms, found 1 plugins.
Preloading 0 native plugins for Editor in 0.00 ms.
Unloading 1936 Unused Serialized files (Serialized files now loaded: 0)
System memory in use before: 94.9 MB.
System memory in use after: 95.0 MB.

Unloading 9 unused Assets to reduce memory usage. Loaded Objects now: 2455.
Total: 1.761600 ms (FindLiveObjects: 0.182800 ms CreateObjectMapping: 0.061400 ms MarkObjects: 1.477200 ms  DeleteObjects: 0.039300 ms)

========================================================================
Received Prepare
Registering precompiled user dll's ...
Registered in 0.000489 seconds.
Begin MonoManager ReloadAssembly
Native extension for WindowsStandalone target not found
Refreshing native plugins compatible for Editor in 0.34 ms, found 1 plugins.
Preloading 0 native plugins for Editor in 0.00 ms.
Mono: successfully reloaded assembly
- Completed reload, in  0.728 seconds
Platform modules already initialized, skipping
Refreshing native plugins compatible for Editor in 0.32 ms, found 1 plugins.
Preloading 0 native plugins for Editor in 0.00 ms.
Unloading 1936 Unused Serialized files (Serialized files now loaded: 0)
System memory in use before: 94.9 MB.
System memory in use after: 95.0 MB.

Unloading 9 unused Assets to reduce memory usage. Loaded Objects now: 2459.
Total: 1.812200 ms (FindLiveObjects: 0.182100 ms CreateObjectMapping: 0.064700 ms MarkObjects: 1.530800 ms  DeleteObjects: 0.033800 ms)

========================================================================
Received Prepare
Registering precompiled user dll's ...
Registered in 0.000569 seconds.
Begin MonoManager ReloadAssembly
Native extension for WindowsStandalone target not found
Refreshing native plugins compatible for Editor in 0.36 ms, found 1 plugins.
Preloading 0 native plugins for Editor in 0.00 ms.
Mono: successfully reloaded assembly
- Completed reload, in  0.749 seconds
Platform modules already initialized, skipping
Refreshing native plugins compatible for Editor in 0.33 ms, found 1 plugins.
Preloading 0 native plugins for Editor in 0.00 ms.
Unloading 1936 Unused Serialized files (Serialized files now loaded: 0)
System memory in use before: 94.9 MB.
System memory in use after: 95.0 MB.

Unloading 9 unused Assets to reduce memory usage. Loaded Objects now: 2463.
Total: 1.910900 ms (FindLiveObjects: 0.183700 ms CreateObjectMapping: 0.057200 ms MarkObjects: 1.629700 ms  DeleteObjects: 0.039500 ms)

========================================================================
Received Prepare
Registering precompiled user dll's ...
Registered in 0.000710 seconds.
Begin MonoManager ReloadAssembly
Native extension for WindowsStandalone target not found
Refreshing native plugins compatible for Editor in 0.34 ms, found 1 plugins.
Preloading 0 native plugins for Editor in 0.00 ms.
Mono: successfully reloaded assembly
- Completed reload, in  0.782 seconds
Platform modules already initialized, skipping
Refreshing native plugins compatible for Editor in 0.32 ms, found 1 plugins.
Preloading 0 native plugins for Editor in 0.00 ms.
Unloading 1936 Unused Serialized files (Serialized files now loaded: 0)
System memory in use before: 94.9 MB.
System memory in use after: 95.0 MB.

Unloading 9 unused Assets to reduce memory usage. Loaded Objects now: 2467.
Total: 1.880000 ms (FindLiveObjects: 0.175800 ms CreateObjectMapping: 0.055000 ms MarkObjects: 1.614300 ms  DeleteObjects: 0.034300 ms)

========================================================================
Received Prepare
Registering precompiled user dll's ...
Registered in 0.000569 seconds.
Begin MonoManager ReloadAssembly
Native extension for WindowsStandalone target not found
Refreshing native plugins compatible for Editor in 0.37 ms, found 1 plugins.
Preloading 0 native plugins for Editor in 0.00 ms.
Mono: successfully reloaded assembly
- Completed reload, in  0.750 seconds
Platform modules already initialized, skipping
Refreshing native plugins compatible for Editor in 0.34 ms, found 1 plugins.
Preloading 0 native plugins for Editor in 0.00 ms.
Unloading 1936 Unused Serialized files (Serialized files now loaded: 0)
System memory in use before: 94.9 MB.
System memory in use after: 95.0 MB.

Unloading 9 unused Assets to reduce memory usage. Loaded Objects now: 2471.
Total: 1.789200 ms (FindLiveObjects: 0.177400 ms CreateObjectMapping: 0.063800 ms MarkObjects: 1.476600 ms  DeleteObjects: 0.070600 ms)

========================================================================
Received Prepare
Registering precompiled user dll's ...
Registered in 0.000594 seconds.
Begin MonoManager ReloadAssembly
Native extension for WindowsStandalone target not found
Refreshing native plugins compatible for Editor in 0.36 ms, found 1 plugins.
Preloading 0 native plugins for Editor in 0.00 ms.
Mono: successfully reloaded assembly
- Completed reload, in  0.748 seconds
Platform modules already initialized, skipping
Refreshing native plugins compatible for Editor in 0.33 ms, found 1 plugins.
Preloading 0 native plugins for Editor in 0.00 ms.
Unloading 1936 Unused Serialized files (Serialized files now loaded: 0)
System memory in use before: 94.9 MB.
System memory in use after: 95.0 MB.

Unloading 9 unused Assets to reduce memory usage. Loaded Objects now: 2475.
Total: 1.723000 ms (FindLiveObjects: 0.183200 ms CreateObjectMapping: 0.065900 ms MarkObjects: 1.428100 ms  DeleteObjects: 0.045000 ms)

========================================================================
Received Prepare
Registering precompiled user dll's ...
Registered in 0.000587 seconds.
Begin MonoManager ReloadAssembly
Native extension for WindowsStandalone target not found
Refreshing native plugins compatible for Editor in 0.35 ms, found 1 plugins.
Preloading 0 native plugins for Editor in 0.00 ms.
Mono: successfully reloaded assembly
- Completed reload, in  0.728 seconds
Platform modules already initialized, skipping
Refreshing native plugins compatible for Editor in 0.34 ms, found 1 plugins.
Preloading 0 native plugins for Editor in 0.00 ms.
Unloading 1936 Unused Serialized files (Serialized files now loaded: 0)
System memory in use before: 94.9 MB.
System memory in use after: 95.0 MB.

Unloading 9 unused Assets to reduce memory usage. Loaded Objects now: 2479.
Total: 1.898600 ms (FindLiveObjects: 0.186500 ms CreateObjectMapping: 0.055800 ms MarkObjects: 1.618000 ms  DeleteObjects: 0.037600 ms)

========================================================================
Received Import Request.
  Time since last request: 2566.202406 seconds.
  path: Assets/Sprites/Enemy
  artifactKey: Guid(adb8c702765044a51a62d179220a259c) Importer(815301076,1909f56bfc062723c751e8b465ee728b)
Start importing Assets/Sprites/Enemy using Guid(adb8c702765044a51a62d179220a259c) Importer(815301076,1909f56bfc062723c751e8b465ee728b)  -> (artifact id: '22bc53b2906d38b3c1325f306226e458') in 0.005757 seconds
  Import took 0.009237 seconds .

========================================================================
Received Import Request.
  Time since last request: 0.000787 seconds.
  path: Assets/Sprites/Enemy
  artifactKey: Guid(adb8c702765044a51a62d179220a259c) Importer(815301076,1909f56bfc062723c751e8b465ee728b)
Start importing Assets/Sprites/Enemy using Guid(adb8c702765044a51a62d179220a259c) Importer(815301076,1909f56bfc062723c751e8b465ee728b)  -> (artifact id: '22bc53b2906d38b3c1325f306226e458') in 0.001781 seconds
  Import took 0.004605 seconds .

========================================================================
Received Import Request.
  Time since last request: 0.066167 seconds.
  path: Assets/Sprites/Enemy/Fire Elemental Sprite Sheet.png
  artifactKey: Guid(209054a12a32941768b5747f24387fc4) Importer(815301076,1909f56bfc062723c751e8b465ee728b)
Start importing Assets/Sprites/Enemy/Fire Elemental Sprite Sheet.png using Guid(209054a12a32941768b5747f24387fc4) Importer(815301076,1909f56bfc062723c751e8b465ee728b)  -> (artifact id: '138e68e059b8c711e49d4cbceec7e676') in 0.107549 seconds
  Import took 0.110440 seconds .

========================================================================
Received Import Request.
  Time since last request: 0.000141 seconds.
  path: Assets/Sprites/Enemy/power-up-3.png
  artifactKey: Guid(2621438bcde264f6281e3715952ca532) Importer(815301076,1909f56bfc062723c751e8b465ee728b)
Start importing Assets/Sprites/Enemy/power-up-3.png using Guid(2621438bcde264f6281e3715952ca532) Importer(815301076,1909f56bfc062723c751e8b465ee728b)  -> (artifact id: 'c2eb6123ef3431dc8628f2b663b47a2c') in 0.013364 seconds
  Import took 0.015840 seconds .

========================================================================
Received Import Request.
  Time since last request: 0.000130 seconds.
  path: Assets/Sprites/Enemy/power-up-1.png
  artifactKey: Guid(cf20e40d000054525aa8f480f3c50d9d) Importer(815301076,1909f56bfc062723c751e8b465ee728b)
Start importing Assets/Sprites/Enemy/power-up-1.png using Guid(cf20e40d000054525aa8f480f3c50d9d) Importer(815301076,1909f56bfc062723c751e8b465ee728b)  -> (artifact id: '125f9d7c251220b0855b74d609bf982b') in 0.024625 seconds
  Import took 0.027251 seconds .

========================================================================
Received Import Request.
  Time since last request: 0.000150 seconds.
  path: Assets/Sprites/Enemy/power-up-6.png
  artifactKey: Guid(a63e9d2ea6bf443d8b485957af50f8fd) Importer(815301076,1909f56bfc062723c751e8b465ee728b)
Start importing Assets/Sprites/Enemy/power-up-6.png using Guid(a63e9d2ea6bf443d8b485957af50f8fd) Importer(815301076,1909f56bfc062723c751e8b465ee728b)  -> (artifact id: '0ac2bcbaf2dc77206b6b0e3b8fa82409') in 0.022613 seconds
  Import took 0.025354 seconds .

========================================================================
Received Import Request.
  Time since last request: 0.000146 seconds.
  path: Assets/Sprites/Enemy/power-up-4.png
  artifactKey: Guid(f49a307db63884b9caf80a258d314d31) Importer(815301076,1909f56bfc062723c751e8b465ee728b)
Start importing Assets/Sprites/Enemy/power-up-4.png using Guid(f49a307db63884b9caf80a258d314d31) Importer(815301076,1909f56bfc062723c751e8b465ee728b)  -> (artifact id: 'b8c0bb46d087f120e7fe1d24b18fa9bd') in 0.009497 seconds
  Import took 0.012273 seconds .

========================================================================
Received Import Request.
  Time since last request: 0.000150 seconds.
  path: Assets/Sprites/Enemy/power-up-7.png
  artifactKey: Guid(b6fbdfb3ffe3544798f8c9a44c5b4f07) Importer(815301076,1909f56bfc062723c751e8b465ee728b)
Start importing Assets/Sprites/Enemy/power-up-7.png using Guid(b6fbdfb3ffe3544798f8c9a44c5b4f07) Importer(815301076,1909f56bfc062723c751e8b465ee728b)  -> (artifact id: '3282c47d7e895aa2c967de54cd5ee001') in 0.009319 seconds
  Import took 0.012099 seconds .

========================================================================
Received Import Request.
  Time since last request: 0.000148 seconds.
  path: Assets/Sprites/Enemy/power-up-5.png
  artifactKey: Guid(e8d5f9e1794154cbf8cde2551e7c9cc9) Importer(815301076,1909f56bfc062723c751e8b465ee728b)
Start importing Assets/Sprites/Enemy/power-up-5.png using Guid(e8d5f9e1794154cbf8cde2551e7c9cc9) Importer(815301076,1909f56bfc062723c751e8b465ee728b)  -> (artifact id: 'bcfae5741acda8420b9b62b5ec702be9') in 0.014388 seconds
  Import took 0.017092 seconds .

========================================================================
Received Import Request.
  Time since last request: 0.000142 seconds.
  path: Assets/Sprites/Enemy/power-up-2.png
  artifactKey: Guid(c0777b2a9e3764643834aeaddb8239bb) Importer(815301076,1909f56bfc062723c751e8b465ee728b)
Start importing Assets/Sprites/Enemy/power-up-2.png using Guid(c0777b2a9e3764643834aeaddb8239bb) Importer(815301076,1909f56bfc062723c751e8b465ee728b)  -> (artifact id: '7037b1f9cce5f0e912507fc6bed68c48') in 0.023511 seconds
  Import took 0.026187 seconds .

========================================================================
Received Prepare
Registering precompiled user dll's ...
Registered in 0.000558 seconds.
Begin MonoManager ReloadAssembly
Native extension for WindowsStandalone target not found
Refreshing native plugins compatible for Editor in 0.35 ms, found 1 plugins.
Preloading 0 native plugins for Editor in 0.00 ms.
Mono: successfully reloaded assembly
- Completed reload, in  0.734 seconds
Platform modules already initialized, skipping
Refreshing native plugins compatible for Editor in 0.32 ms, found 1 plugins.
Preloading 0 native plugins for Editor in 0.00 ms.
Unloading 1936 Unused Serialized files (Serialized files now loaded: 0)
System memory in use before: 95.0 MB.
System memory in use after: 95.1 MB.

Unloading 9 unused Assets to reduce memory usage. Loaded Objects now: 2489.
Total: 1.828000 ms (FindLiveObjects: 0.182300 ms CreateObjectMapping: 0.061200 ms MarkObjects: 1.550300 ms  DeleteObjects: 0.033200 ms)

========================================================================
Received Import Request.
  Time since last request: 178.435160 seconds.
  path: Assets/Sprites/Enemy/Fire Elemental Sprite Sheet.png
  artifactKey: Guid(209054a12a32941768b5747f24387fc4) Importer(815301076,1909f56bfc062723c751e8b465ee728b)
Start importing Assets/Sprites/Enemy/Fire Elemental Sprite Sheet.png using Guid(209054a12a32941768b5747f24387fc4) Importer(815301076,1909f56bfc062723c751e8b465ee728b)  -> (artifact id: 'a1fc2512df17d0bcccd2fb3ab8ba875f') in 0.101159 seconds
  Import took 0.104112 seconds .

========================================================================
Received Import Request.
  Time since last request: 72.979693 seconds.
  path: Assets/Animation/Player/skelet_idle_anim_f0.controller
  artifactKey: Guid(5ac0f85794d77f94d919dc0b563d0ec1) Importer(815301076,1909f56bfc062723c751e8b465ee728b)
Start importing Assets/Animation/Player/skelet_idle_anim_f0.controller using Guid(5ac0f85794d77f94d919dc0b563d0ec1) Importer(815301076,1909f56bfc062723c751e8b465ee728b)  -> (artifact id: '008b799f4b5f70b7fe6306a4124d998c') in 0.004271 seconds
  Import took 0.007079 seconds .

========================================================================
Received Import Request.
  Time since last request: 1.904469 seconds.
  path: Assets/Animation/Player/Player.anim
  artifactKey: Guid(989ca4427e3ee0c4e9fbeca44cad87a5) Importer(815301076,1909f56bfc062723c751e8b465ee728b)
Start importing Assets/Animation/Player/Player.anim using Guid(989ca4427e3ee0c4e9fbeca44cad87a5) Importer(815301076,1909f56bfc062723c751e8b465ee728b)  -> (artifact id: 'e12010b9ca3b0720280d8d0a60462949') in 0.003013 seconds
  Import took 0.005780 seconds .

========================================================================
Received Import Request.
  Time since last request: 0.005665 seconds.
  path: Assets/Animation/Player/Player.anim
  artifactKey: Guid(989ca4427e3ee0c4e9fbeca44cad87a5) Importer(815301076,1909f56bfc062723c751e8b465ee728b)
Start importing Assets/Animation/Player/Player.anim using Guid(989ca4427e3ee0c4e9fbeca44cad87a5) Importer(815301076,1909f56bfc062723c751e8b465ee728b)  -> (artifact id: 'e12010b9ca3b0720280d8d0a60462949') in 0.002785 seconds
  Import took 0.005473 seconds .

========================================================================
Received Import Request.
  Time since last request: 85.037019 seconds.
  path: Assets/Animation/Enemy/EnemyMove.anim
  artifactKey: Guid(a90661fdbea23594ab71b665f157131c) Importer(815301076,1909f56bfc062723c751e8b465ee728b)
Start importing Assets/Animation/Enemy/EnemyMove.anim using Guid(a90661fdbea23594ab71b665f157131c) Importer(815301076,1909f56bfc062723c751e8b465ee728b)  -> (artifact id: 'e9cb315ebeb5f9a527bd60e7031f2ad9') in 0.002831 seconds
  Import took 0.005803 seconds .

========================================================================
Received Import Request.
  Time since last request: 9.238234 seconds.
  path: Assets/Animation/Player/IDLE.anim
  artifactKey: Guid(9957cdbc05892124693e1ec5cb1b7b0f) Importer(815301076,1909f56bfc062723c751e8b465ee728b)
Start importing Assets/Animation/Player/IDLE.anim using Guid(9957cdbc05892124693e1ec5cb1b7b0f) Importer(815301076,1909f56bfc062723c751e8b465ee728b)  -> (artifact id: 'ce91706d05d042454a864d9695bfe63b') in 0.002188 seconds
  Import took 0.005166 seconds .

========================================================================
Received Import Request.
  Time since last request: 292.275821 seconds.
  path: Assets/Palettes/Ground.prefab
  artifactKey: Guid(f58f3a7a01b36104c82dce818f5ba56b) Importer(815301076,1909f56bfc062723c751e8b465ee728b)
Start importing Assets/Palettes/Ground.prefab using Guid(f58f3a7a01b36104c82dce818f5ba56b) Importer(815301076,1909f56bfc062723c751e8b465ee728b)  -> (artifact id: '1afea76119518ec7bd56de0c0ddba99c') in 0.009208 seconds
  Import took 0.012622 seconds .

========================================================================
Received Import Request.
  Time since last request: 16.163652 seconds.
  path: Assets/Sprites/Player/skelet_run_anim_f0.controller
  artifactKey: Guid(776034f23585a6149a77028ffa4e3de7) Importer(815301076,1909f56bfc062723c751e8b465ee728b)
Start importing Assets/Sprites/Player/skelet_run_anim_f0.controller using Guid(776034f23585a6149a77028ffa4e3de7) Importer(815301076,1909f56bfc062723c751e8b465ee728b)  -> (artifact id: 'ac1bbf42606bc88080458c28af84bb87') in 0.002177 seconds
  Import took 0.005069 seconds .

========================================================================
Received Import Request.
  Time since last request: 54.928115 seconds.
  path: Assets/Animation/Player/skelet_idle_anim_f0.controller
  artifactKey: Guid(dd288cc94adf8044392afa511f9a51a1) Importer(815301076,1909f56bfc062723c751e8b465ee728b)
Start importing Assets/Animation/Player/skelet_idle_anim_f0.controller using Guid(dd288cc94adf8044392afa511f9a51a1) Importer(815301076,1909f56bfc062723c751e8b465ee728b)  -> (artifact id: '24a8a91c8172c9f433e9fa7f0d712996') in 0.002558 seconds
  Import took 0.005384 seconds .

========================================================================
Received Import Request.
  Time since last request: 54.451299 seconds.
  path: Assets/Animation/Player/skelet_idle_anim_f0.controller
  artifactKey: Guid(dd288cc94adf8044392afa511f9a51a1) Importer(815301076,1909f56bfc062723c751e8b465ee728b)
Start importing Assets/Animation/Player/skelet_idle_anim_f0.controller using Guid(dd288cc94adf8044392afa511f9a51a1) Importer(815301076,1909f56bfc062723c751e8b465ee728b)  -> (artifact id: 'e2c21bc740effd6f82620cd5938a8707') in 0.002730 seconds
  Import took 0.005694 seconds .

========================================================================
Received Prepare
Registering precompiled user dll's ...
Registered in 0.000559 seconds.
Begin MonoManager ReloadAssembly
Native extension for WindowsStandalone target not found
Refreshing native plugins compatible for Editor in 0.34 ms, found 1 plugins.
Preloading 0 native plugins for Editor in 0.00 ms.
Mono: successfully reloaded assembly
- Completed reload, in  0.756 seconds
Platform modules already initialized, skipping
Refreshing native plugins compatible for Editor in 0.33 ms, found 1 plugins.
Preloading 0 native plugins for Editor in 0.00 ms.
Unloading 1936 Unused Serialized files (Serialized files now loaded: 0)
System memory in use before: 95.0 MB.
System memory in use after: 95.1 MB.

Unloading 9 unused Assets to reduce memory usage. Loaded Objects now: 2494.
Total: 1.773000 ms (FindLiveObjects: 0.176800 ms CreateObjectMapping: 0.064600 ms MarkObjects: 1.495900 ms  DeleteObjects: 0.034500 ms)

========================================================================
Received Prepare
Registering precompiled user dll's ...
Registered in 0.000555 seconds.
Begin MonoManager ReloadAssembly
Native extension for WindowsStandalone target not found
Refreshing native plugins compatible for Editor in 0.35 ms, found 1 plugins.
Preloading 0 native plugins for Editor in 0.00 ms.
Mono: successfully reloaded assembly
- Completed reload, in  0.771 seconds
Platform modules already initialized, skipping
Refreshing native plugins compatible for Editor in 0.33 ms, found 1 plugins.
Preloading 0 native plugins for Editor in 0.00 ms.
Unloading 1936 Unused Serialized files (Serialized files now loaded: 0)
System memory in use before: 95.0 MB.
System memory in use after: 95.1 MB.

Unloading 9 unused Assets to reduce memory usage. Loaded Objects now: 2498.
Total: 1.886000 ms (FindLiveObjects: 0.198800 ms CreateObjectMapping: 0.072800 ms MarkObjects: 1.573400 ms  DeleteObjects: 0.040100 ms)

========================================================================
Received Prepare
Registering precompiled user dll's ...
Registered in 0.000550 seconds.
Begin MonoManager ReloadAssembly
Native extension for WindowsStandalone target not found
Refreshing native plugins compatible for Editor in 0.34 ms, found 1 plugins.
Preloading 0 native plugins for Editor in 0.00 ms.
Mono: successfully reloaded assembly
- Completed reload, in  0.751 seconds
Platform modules already initialized, skipping
Refreshing native plugins compatible for Editor in 0.31 ms, found 1 plugins.
Preloading 0 native plugins for Editor in 0.00 ms.
Unloading 1936 Unused Serialized files (Serialized files now loaded: 0)
System memory in use before: 95.0 MB.
System memory in use after: 95.1 MB.

Unloading 9 unused Assets to reduce memory usage. Loaded Objects now: 2502.
Total: 1.751800 ms (FindLiveObjects: 0.174700 ms CreateObjectMapping: 0.067200 ms MarkObjects: 1.474500 ms  DeleteObjects: 0.034600 ms)

========================================================================
Received Import Request.
  Time since last request: 305.377734 seconds.
  path: Assets/Animation/Player/skelet_run_anim_f0.controller
  artifactKey: Guid(776034f23585a6149a77028ffa4e3de7) Importer(815301076,1909f56bfc062723c751e8b465ee728b)
Start importing Assets/Animation/Player/skelet_run_anim_f0.controller using Guid(776034f23585a6149a77028ffa4e3de7) Importer(815301076,1909f56bfc062723c751e8b465ee728b)  -> (artifact id: '6bde4a3c7ba4f1f066aa89b7ce776cc0') in 0.011031 seconds
  Import took 0.013927 seconds .

========================================================================
Received Import Request.
  Time since last request: 65.993397 seconds.
  path: Assets/Animation/Player/skelet_idle_anim_f0.controller
  artifactKey: Guid(dd288cc94adf8044392afa511f9a51a1) Importer(815301076,1909f56bfc062723c751e8b465ee728b)
Start importing Assets/Animation/Player/skelet_idle_anim_f0.controller using Guid(dd288cc94adf8044392afa511f9a51a1) Importer(815301076,1909f56bfc062723c751e8b465ee728b)  -> (artifact id: '8e677538f277d40d548fbf4ac0050871') in 0.002652 seconds
  Import took 0.005447 seconds .

========================================================================
Received Import Request.
  Time since last request: 11.861624 seconds.
  path: Assets/Animation/Player/PlayerRun.anim
  artifactKey: Guid(bd17e84624d2cca4f901acee7b78989c) Importer(815301076,1909f56bfc062723c751e8b465ee728b)
Start importing Assets/Animation/Player/PlayerRun.anim using Guid(bd17e84624d2cca4f901acee7b78989c) Importer(815301076,1909f56bfc062723c751e8b465ee728b)  -> (artifact id: '96c2c57c93c72884a77bc37177abb83b') in 0.002743 seconds
  Import took 0.005425 seconds .

========================================================================
Received Import Request.
  Time since last request: 0.006050 seconds.
  path: Assets/Animation/Player/PlayerRun.anim
  artifactKey: Guid(bd17e84624d2cca4f901acee7b78989c) Importer(815301076,1909f56bfc062723c751e8b465ee728b)
Start importing Assets/Animation/Player/PlayerRun.anim using Guid(bd17e84624d2cca4f901acee7b78989c) Importer(815301076,1909f56bfc062723c751e8b465ee728b)  -> (artifact id: '96c2c57c93c72884a77bc37177abb83b') in 0.002002 seconds
  Import took 0.004700 seconds .

========================================================================
Received Prepare
Registering precompiled user dll's ...
Registered in 0.000774 seconds.
Begin MonoManager ReloadAssembly
Loading assembly failed: "Library/ScriptAssemblies/Assembly-CSharp.dll"

Native extension for WindowsStandalone target not found
Refreshing native plugins compatible for Editor in 0.35 ms, found 1 plugins.
Preloading 0 native plugins for Editor in 0.00 ms.
Mono: successfully reloaded assembly
- Completed reload, in  0.818 seconds
Platform modules already initialized, skipping
Assertion failed on expression: 'reloadOk'

Refreshing native plugins compatible for Editor in 0.32 ms, found 1 plugins.
Preloading 0 native plugins for Editor in 0.00 ms.
Unloading 1936 Unused Serialized files (Serialized files now loaded: 0)
System memory in use before: 95.1 MB.
System memory in use after: 95.2 MB.

Unloading 9 unused Assets to reduce memory usage. Loaded Objects now: 2506.
Total: 2.190700 ms (FindLiveObjects: 0.282000 ms CreateObjectMapping: 0.077500 ms MarkObjects: 1.782100 ms  DeleteObjects: 0.047800 ms)

========================================================================
Received Prepare
Registering precompiled user dll's ...
Registered in 0.000524 seconds.
Begin MonoManager ReloadAssembly
Native extension for WindowsStandalone target not found
Refreshing native plugins compatible for Editor in 0.34 ms, found 1 plugins.
Preloading 0 native plugins for Editor in 0.00 ms.
Mono: successfully reloaded assembly
- Completed reload, in  0.806 seconds
Platform modules already initialized, skipping
Refreshing native plugins compatible for Editor in 0.33 ms, found 1 plugins.
Preloading 0 native plugins for Editor in 0.00 ms.
Unloading 1936 Unused Serialized files (Serialized files now loaded: 0)
System memory in use before: 95.1 MB.
System memory in use after: 95.2 MB.

Unloading 9 unused Assets to reduce memory usage. Loaded Objects now: 2510.
Total: 1.717900 ms (FindLiveObjects: 0.180800 ms CreateObjectMapping: 0.066900 ms MarkObjects: 1.437000 ms  DeleteObjects: 0.032300 ms)

